<?xml version="1.0" encoding="UTF-8"?>
<!-- Generated by org.testng.reporters.JUnitReportReporter -->
<testsuite hostname="LAPTOP-6F069DFB" failures="0" tests="4" name="Admintestcases.Skillmanagement" time="29.308" errors="0" timestamp="2021-04-16T20:10:36 IST" skipped="0">
  <testcase classname="Admintestcases.Skillmanagement" name="createNew" time="9.304"/>
  <system-out/>
  <testcase classname="Admintestcases.Skillmanagement" name="resetButton" time="9.397"/>
  <system-out/>
  <testcase classname="Admintestcases.Skillmanagement" name="cancelButton" time="6.130"/>
  <system-out/>
  <testcase classname="Admintestcases.Skillmanagement" name="searchSkillname" time="4.477"/>
  <system-out/>
</testsuite> <!-- Admintestcases.Skillmanagement -->
