<?xml version="1.0" encoding="UTF-8"?>
<!-- Generated by org.testng.reporters.JUnitReportReporter -->
<testsuite skipped="0" hostname="DESKTOP-TQSSTNP" name="Emptestcases.Myaccount" tests="1" failures="0" timestamp="2021-04-19T22:50:41 IST" time="152.376" errors="0">
  <testcase name="postAjob" time="152.376" classname="Emptestcases.Myaccount"/>
  <system-out/>
</testsuite> <!-- Emptestcases.Myaccount -->
